Lottery numbers for 2022.04.23 are: 2 39 4 35 40
Bonus ball fot 2022.04.23 are:  8
Lottery numbers for 2022.04.23 are: 22 32 29 14 18
Bonus ball fot 2022.04.23 is:  6
Lottery numbers for 2022.04.23 are: 29 15 19 45 8
Bonus ball fot 2022.04.23 is:  10
Lottery numbers for 2022.04.23 are: 9 24 47 21 49
Bonus ball fot 2022.04.23 is:  9
Lottery numbers for 2022.04.23 are: 
Bonus ball for 2022.04.23 is:  2
Lottery numbers for 2022.04.23 are: 10 32 9 50 49
Bonus ball for 2022.04.23 is:  4
Lottery numbers for 2022.04.24 are: 24 16 11 18 15
Bonus ball for 2022.04.24 is:  7
Lottery numbers for 2022.04.24 are: 21 48 48 8 8
Bonus ball for 2022.04.24 is:  1
Lottery numbers for 2022.04.24 are: 46 26 47 6 35
Bonus ball for 2022.04.24 is:  9
Lottery numbers for 2022.04.24 are: 43 15 20 15 24
Bonus ball for 2022.04.24 is:  10
Lottery numbers for 2022.04.24 are: 30 10 47 47 32
Bonus ball for 2022.04.24 is:  2
Lottery numbers for 2022.04.24 are: 12 20 8 33 16
Bonus ball for 2022.04.24 is:  9
Lottery numbers for 2022.04.24 are: 41 17 1 8 33
Bonus ball for 2022.04.24 is:  7
Lottery numbers for 2022.04.24 are: 12 29 50 39 36
Bonus ball for 2022.04.24 is:  2
Lottery numbers for 2022.04.24 are: 41 50 15 4 40
Bonus ball for 2022.04.24 is:  5
Lottery numbers for 2022.04.24 are: 20 49 38 36 15
Bonus ball for 2022.04.24 is:  6
Lottery numbers for 2022.04.24 are: 30 36 50 31 22
Bonus ball for 2022.04.24 is:  5
Lottery numbers for 2022.04.24 are: 32 38 39 18 39
Bonus ball for 2022.04.24 is:  8
Lottery numbers for 2022.04.24 are: 37 12 3 33 33
Bonus ball for 2022.04.24 is:  4
